Buenas
Buenas tardes
Buenos días
Buenos dias
Cómo estas
Cómo estas
Cómo te va
Cómo te va
Como estas
Como estas
Como te va
Como te va
Cuánto tiempo
Cuánto tiempo
Cuanto tiempo
Cuanto tiempo
Dichosos los ojos
Hello
Hola
Hola qué tal
Hola qué tal
Hola que tal
Hola que tal
Qué hay
Qué hay
Qué hay de nuevo
Qué hay de nuevo
Qué tal
Qué tal
Que hay
Que hay
Que hay de nuevo
Que hay de nuevo
Que tal
Que tal
buenas
buenas tardes
buenos días
buenos dias
cómo estas
cómo estas
cómo te va
cómo te va
como estas
como estas
como te va
como te va
cuánto tiempo
cuánto tiempo
cuanto tiempo
cuanto tiempo
dichosos los ojos
hello
hola
hola qué tal
hola qué tal
hola que tal
hola que tal
qué hay
qué hay
qué hay de nuevo
qué hay de nuevo
qué tal
qué tal
que hay
que hay
que hay de nuevo
que hay de nuevo
que tal
que tal
